<?xml version="1.0" encoding="UTF-8"?>
<testsuite xmlns:xsi="http://www.w3.org/2001/XMLSchema-instance" xsi:noNamespaceSchemaLocation="https://maven.apache.org/surefire/maven-surefire-plugin/xsd/surefire-test-report-3.0.xsd" version="3.0" name="co.argm.app.AccountTest$SystemPropertiesTest" time="0.022" tests="6" errors="0" skipped="2" failures="0">
  <properties>
[...]
</properties>
  <testcase name="only64" classname="co.argm.app.AccountTest$SystemPropertiesTest" time="0.002">
    <system-out><![CDATA[Starting the method
Ending the method
]]></system-out>
  </testcase>
  <testcase name="printSystemProperties" classname="co.argm.app.AccountTest$SystemPropertiesTest" time="0.004">
    <system-out><![CDATA[Starting the method
java.specification.version:22
sun.cpu.isalist:amd64
sun.jnu.encoding:Cp1252
java.class.path:C:\Users\andre\OneDrive\Escritorio\Course\Modules\AdvancedCore\Quality\Tests\target\test-classes;C:\Users\andre\OneDrive\Escritorio\Course\Modules\AdvancedCore\Quality\Tests\target\classes;C:\Users\andre\.m2\repository\org\junit\jupiter\junit-jupiter\5.11.0\junit-jupiter-5.11.0.jar;C:\Users\andre\.m2\repository\org\junit\jupiter\junit-jupiter-api\5.11.0\junit-jupiter-api-5.11.0.jar;C:\Users\andre\.m2\repository\org\opentest4j\opentest4j\1.3.0\opentest4j-1.3.0.jar;C:\Users\andre\.m2\repository\org\junit\platform\junit-platform-commons\1.11.0\junit-platform-commons-1.11.0.jar;C:\Users\andre\.m2\repository\org\apiguardian\apiguardian-api\1.1.2\apiguardian-api-1.1.2.jar;C:\Users\andre\.m2\repository\org\junit\jupiter\junit-jupiter-params\5.11.0\junit-jupiter-params-5.11.0.jar;C:\Users\andre\.m2\repository\org\junit\jupiter\junit-jupiter-engine\5.11.0\junit-jupiter-engine-5.11.0.jar;C:\Users\andre\.m2\repository\org\junit\platform\junit-platform-engine\1.11.0\junit-platform-engine-1.11.0.jar;
java.vm.vendor:Oracle Corporation
sun.arch.data.model:64
user.variant:
java.vendor.url:https://java.oracle.com/
user.timezone:America/Bogota
java.vm.specification.version:22
os.name:Windows 11
sun.java.launcher:SUN_STANDARD
user.country:CO
sun.boot.library.path:C:\Users\andre\.jdks\openjdk-22.0.2-1\bin
sun.java.command:C:\Users\andre\AppData\Local\Temp\surefire11951627801686337158\surefirebooter-20240830164642027_3.jar C:\Users\andre\AppData\Local\Temp\surefire11951627801686337158 2024-08-30T16-46-41_880-jvmRun1 surefire-20240830164642027_1tmp surefire_0-20240830164642027_2tmp
jdk.debug:release
surefire.test.class.path:C:\Users\andre\OneDrive\Escritorio\Course\Modules\AdvancedCore\Quality\Tests\target\test-classes;C:\Users\andre\OneDrive\Escritorio\Course\Modules\AdvancedCore\Quality\Tests\target\classes;C:\Users\andre\.m2\repository\org\junit\jupiter\junit-jupiter\5.11.0\junit-jupiter-5.11.0.jar;C:\Users\andre\.m2\repository\org\junit\jupiter\junit-jupiter-api\5.11.0\junit-jupiter-api-5.11.0.jar;C:\Users\andre\.m2\repository\org\opentest4j\opentest4j\1.3.0\opentest4j-1.3.0.jar;C:\Users\andre\.m2\repository\org\junit\platform\junit-platform-commons\1.11.0\junit-platform-commons-1.11.0.jar;C:\Users\andre\.m2\repository\org\apiguardian\apiguardian-api\1.1.2\apiguardian-api-1.1.2.jar;C:\Users\andre\.m2\repository\org\junit\jupiter\junit-jupiter-params\5.11.0\junit-jupiter-params-5.11.0.jar;C:\Users\andre\.m2\repository\org\junit\jupiter\junit-jupiter-engine\5.11.0\junit-jupiter-engine-5.11.0.jar;C:\Users\andre\.m2\repository\org\junit\platform\junit-platform-engine\1.11.0\junit-platform-engine-1.11.0.jar;
sun.cpu.endian:little
user.home:C:\Users\andre
user.language:es
java.specification.vendor:Oracle Corporation
java.version.date:2024-07-16
java.home:C:\Users\andre\.jdks\openjdk-22.0.2-1
file.separator:\
basedir:C:\Users\andre\OneDrive\Escritorio\Course\Modules\AdvancedCore\Quality\Tests
java.vm.compressedOopsMode:Zero based
line.separator:

java.vm.specification.vendor:Oracle Corporation
java.specification.name:Java Platform API Specification
surefire.real.class.path:C:\Users\andre\AppData\Local\Temp\surefire11951627801686337158\surefirebooter-20240830164642027_3.jar
user.script:
sun.management.compiler:HotSpot 64-Bit Tiered Compilers
java.runtime.version:22.0.2+9-70
user.name:andre
stdout.encoding:Cp1252
path.separator:;
os.version:10.0
java.runtime.name:OpenJDK Runtime Environment
file.encoding:UTF-8
java.vm.name:OpenJDK 64-Bit Server VM
localRepository:C:\Users\andre\.m2\repository
java.vendor.url.bug:https://bugreport.java.com/bugreport/
java.io.tmpdir:C:\Users\andre\AppData\Local\Temp\
idea.version:2024.1.4
java.version:22.0.2
user.dir:C:\Users\andre\OneDrive\Escritorio\Course\Modules\AdvancedCore\Quality\Tests
os.arch:amd64
java.vm.specification.name:Java Virtual Machine Specification
sun.os.patch.level:
native.encoding:Cp1252
java.library.path:C:\Users\andre\.jdks\openjdk-22.0.2-1\bin;C:\WINDOWS\Sun\Java\bin;C:\WINDOWS\system32;C:\WINDOWS;C:\Program Files\Common Files\Oracle\Java\javapath;C:\WINDOWS\system32;C:\WINDOWS;C:\WINDOWS\System32\Wbem;C:\WINDOWS\System32\WindowsPowerShell\v1.0\;C:\WINDOWS\System32\OpenSSH\;C:\Program Files\dotnet\;C:\Program Files\NVIDIA Corporation\NVIDIA NvDLISR;C:\Program Files (x86)\NVIDIA Corporation\PhysX\Common;C:\Program Files\Git\cmd;C:\Users\andre\AppData\Local\Microsoft\WindowsApps;C:\Program Files\JetBrains\IntelliJ IDEA 2024.1.4\bin;;C:\Users\andre\AppData\Local\Programs\oh-my-posh\bin;C:\Program Files\Java\jdk-22\bin;;.
java.vm.info:mixed mode, sharing
stderr.encoding:Cp1252
java.vendor:Oracle Corporation
java.vm.version:22.0.2+9-70
sun.io.unicode.encoding:UnicodeLittle
java.class.version:66.0
Ending the method
]]></system-out>
  </testcase>
  <testcase name="username" classname="co.argm.app.AccountTest$SystemPropertiesTest" time="0.002">
    <system-out><![CDATA[Starting the method
Ending the method
]]></system-out>
  </testcase>
  <testcase name="dev" classname="co.argm.app.AccountTest$SystemPropertiesTest" time="0.0">
    <skipped message="System property [ENV] does not exist"/>
  </testcase>
  <testcase name="no64" classname="co.argm.app.AccountTest$SystemPropertiesTest" time="0.0">
    <skipped message="System property [os.arch] with value [amd64] does not match regular expression [.*32.*]"/>
  </testcase>
  <testcase name="javaVersion" classname="co.argm.app.AccountTest$SystemPropertiesTest" time="0.002">
    <system-out><![CDATA[Starting the method
Ending the method
]]></system-out>
  </testcase>
</testsuite>